c:\users\taish\documents\github\hew2023\hew_miyoshi_2023\x64\release\vc143.pdb
c:\users\taish\documents\github\hew2023\hew_miyoshi_2023\x64\release\goal.obj
c:\users\taish\documents\github\hew2023\hew_miyoshi_2023\x64\release\game.obj
c:\users\taish\documents\github\hew2023\hew_miyoshi_2023\x64\release\field.obj
c:\users\taish\documents\github\hew2023\hew_miyoshi_2023\x64\release\fade.obj
c:\users\taish\documents\github\hew2023\hew_miyoshi_2023\x64\release\enemy.obj
c:\users\taish\documents\github\hew2023\hew_miyoshi_2023\x64\release\dx11mathuntil.obj
c:\users\taish\documents\github\hew2023\hew_miyoshi_2023\x64\release\dragfloor.obj
c:\users\taish\documents\github\hew2023\hew_miyoshi_2023\x64\release\debugcamera.obj
c:\users\taish\documents\github\hew2023\hew_miyoshi_2023\x64\release\cylinder.obj
c:\users\taish\documents\github\hew2023\hew_miyoshi_2023\x64\release\cstaticmeshrenderer.obj
c:\users\taish\documents\github\hew2023\hew_miyoshi_2023\x64\release\cstaticmesh.obj
c:\users\taish\documents\github\hew2023\hew_miyoshi_2023\x64\release\cshader.obj
c:\users\taish\documents\github\hew2023\hew_miyoshi_2023\x64\release\collison.obj
c:\users\taish\documents\github\hew2023\hew_miyoshi_2023\x64\release\camera.obj
c:\users\taish\documents\github\hew2023\hew_miyoshi_2023\x64\release\boxcollider.obj
c:\users\taish\documents\github\hew2023\hew_miyoshi_2023\x64\release\box.obj
c:\users\taish\documents\github\hew2023\hew_miyoshi_2023\x64\release\audio.obj
c:\users\taish\documents\github\hew2023\hew_miyoshi_2023\x64\release\application.obj
c:\users\taish\documents\github\hew2023\hew_miyoshi_2023\x64\release\animationmodel.obj
c:\users\taish\documents\github\hew2023\hew_miyoshi_2023\x64\release\addforce.obj
c:\users\taish\documents\github\hew2023\hew_miyoshi_2023\x64\release\result.obj
c:\users\taish\documents\github\hew2023\hew_miyoshi_2023\x64\release\renderer.obj
c:\users\taish\documents\github\hew2023\hew_miyoshi_2023\x64\release\postprocess.obj
c:\users\taish\documents\github\hew2023\hew_miyoshi_2023\x64\release\polygon2d.obj
c:\users\taish\documents\github\hew2023\hew_miyoshi_2023\x64\release\player.obj
c:\users\taish\documents\github\hew2023\hew_miyoshi_2023\x64\release\octopus.obj
c:\users\taish\documents\github\hew2023\hew_miyoshi_2023\x64\release\modelrenderer.obj
c:\users\taish\documents\github\hew2023\hew_miyoshi_2023\x64\release\manager.obj
c:\users\taish\documents\github\hew2023\hew_miyoshi_2023\x64\release\main.obj
c:\users\taish\documents\github\hew2023\hew_miyoshi_2023\x64\release\jumpcomponent.obj
c:\users\taish\documents\github\hew2023\hew_miyoshi_2023\x64\release\input.obj
c:\users\taish\documents\github\hew2023\hew_miyoshi_2023\x64\release\imgui_widgets.obj
c:\users\taish\documents\github\hew2023\hew_miyoshi_2023\x64\release\imgui_tables.obj
c:\users\taish\documents\github\hew2023\hew_miyoshi_2023\x64\release\imgui_impl_win32.obj
c:\users\taish\documents\github\hew2023\hew_miyoshi_2023\x64\release\imgui_impl_dx11.obj
c:\users\taish\documents\github\hew2023\hew_miyoshi_2023\x64\release\imgui_draw.obj
c:\users\taish\documents\github\hew2023\hew_miyoshi_2023\x64\release\imguimanager.obj
c:\users\taish\documents\github\hew2023\hew_miyoshi_2023\x64\release\imgui.obj
c:\users\taish\documents\github\hew2023\hew_miyoshi_2023\x64\release\human.obj
c:\users\taish\documents\github\hew2023\hew_miyoshi_2023\x64\release\gravity.obj
c:\users\taish\documents\github\hew2023\hew_miyoshi_2023\x64\release\utility.obj
c:\users\taish\documents\github\hew2023\hew_miyoshi_2023\x64\release\utftosjisconv.obj
c:\users\taish\documents\github\hew2023\hew_miyoshi_2023\x64\release\transition.obj
c:\users\taish\documents\github\hew2023\hew_miyoshi_2023\x64\release\trampoline.obj
c:\users\taish\documents\github\hew2023\hew_miyoshi_2023\x64\release\title.obj
c:\users\taish\documents\github\hew2023\hew_miyoshi_2023\x64\release\timer.obj
c:\users\taish\documents\github\hew2023\hew_miyoshi_2023\x64\release\stagehit.obj
c:\users\taish\documents\github\hew2023\hew_miyoshi_2023\x64\release\stageeditor.obj
c:\users\taish\documents\github\hew2023\hew_miyoshi_2023\x64\release\stage.obj
c:\users\taish\documents\github\hew2023\hew_miyoshi_2023\x64\release\sprite.obj
c:\users\taish\documents\github\hew2023\hew_miyoshi_2023\x64\release\sky.obj
c:\users\taish\documents\github\hew2023\hew_miyoshi_2023\x64\release\skeletalmesh.obj
c:\users\taish\documents\github\hew2023\hew_miyoshi_2023\x64\release\shadow.obj
c:\users\taish\documents\github\hew2023\hew_miyoshi_2023\x64\release\shader.obj
c:\users\taish\documents\github\hew2023\hew_miyoshi_2023\x64\release\score.obj
c:\users\taish\documents\github\hew2023\hew_miyoshi_2023\x64\release\scaleui.obj
c:\users\taish\documents\github\hew2023\hew_miyoshi_2023\x64\release\ps_bloomblur.cso
c:\users\taish\documents\github\hew2023\hew_miyoshi_2023\x64\release\ps_circle.cso
c:\users\taish\documents\github\hew2023\hew_miyoshi_2023\x64\release\ps_concentrationshader.cso
c:\users\taish\documents\github\hew2023\hew_miyoshi_2023\x64\release\ps_depthwrite.cso
c:\users\taish\documents\github\hew2023\hew_miyoshi_2023\x64\release\ps_distancealhpa.cso
c:\users\taish\documents\github\hew2023\hew_miyoshi_2023\x64\release\ps_fadeshader.cso
c:\users\taish\documents\github\hew2023\hew_miyoshi_2023\x64\release\ps_gouraudshading.cso
c:\users\taish\documents\github\hew2023\hew_miyoshi_2023\x64\release\ps_orangescale.cso
c:\users\taish\documents\github\hew2023\hew_miyoshi_2023\x64\release\ps_polarcoordinates.cso
c:\users\taish\documents\github\hew2023\hew_miyoshi_2023\x64\release\ps_rgbsplit.cso
c:\users\taish\documents\github\hew2023\hew_miyoshi_2023\x64\release\ps_shadow.cso
c:\users\taish\documents\github\hew2023\hew_miyoshi_2023\x64\release\vertexlightingps.cso
c:\users\taish\documents\github\hew2023\hew_miyoshi_2023\x64\release\vertexlightingvs.cso
c:\users\taish\documents\github\hew2023\hew_miyoshi_2023\x64\release\vs_gouraudshading.cso
c:\users\taish\documents\github\hew2023\hew_miyoshi_2023\x64\release\vs_lightingoneskin.cso
c:\users\taish\documents\github\hew2023\hew_miyoshi_2023\x64\release\vs_rotation.cso
c:\users\taish\documents\github\hew2023\hew_miyoshi_2023\x64\release\vs_scale.cso
c:\users\taish\documents\github\hew2023\hew_miyoshi_2023\x64\release\vs_shadow.cso
c:\users\taish\documents\github\hew2023\hew_miyoshi_2023\x64\release\20230529.62150e4e.tlog\cl.command.1.tlog
c:\users\taish\documents\github\hew2023\hew_miyoshi_2023\x64\release\20230529.62150e4e.tlog\cl.read.1.tlog
c:\users\taish\documents\github\hew2023\hew_miyoshi_2023\x64\release\20230529.62150e4e.tlog\cl.write.1.tlog
c:\users\taish\documents\github\hew2023\hew_miyoshi_2023\x64\release\20230529.62150e4e.tlog\fxc.command.1.tlog
c:\users\taish\documents\github\hew2023\hew_miyoshi_2023\x64\release\20230529.62150e4e.tlog\fxc.read.1.tlog
c:\users\taish\documents\github\hew2023\hew_miyoshi_2023\x64\release\20230529.62150e4e.tlog\fxc.write.1.tlog
c:\users\taish\documents\github\hew2023\hew_miyoshi_2023\x64\release\20230529.62150e4e.tlog\link.command.1.tlog
c:\users\taish\documents\github\hew2023\hew_miyoshi_2023\x64\release\20230529.62150e4e.tlog\link.read.1.tlog
c:\users\taish\documents\github\hew2023\hew_miyoshi_2023\x64\release\20230529.62150e4e.tlog\link.write.1.tlog
