c:\users\suzuk\onedrive - nkz.ac.jp\01-授業資料\20230518-gm31-2023年度ひな形\20230526-09-gm31-gameobject03（ちょっとコンポーネント）\debug\vc143.pdb
c:\users\suzuk\onedrive - nkz.ac.jp\01-授業資料\20230518-gm31-2023年度ひな形\20230526-09-gm31-gameobject03（ちょっとコンポーネント）\debug\vc143.idb
c:\users\suzuk\onedrive - nkz.ac.jp\01-授業資料\20230518-gm31-2023年度ひな形\20230526-09-gm31-gameobject03（ちょっとコンポーネント）\debug\sprite.obj
c:\users\suzuk\onedrive - nkz.ac.jp\01-授業資料\20230518-gm31-2023年度ひな形\20230526-09-gm31-gameobject03（ちょっとコンポーネント）\debug\shader.obj
c:\users\suzuk\onedrive - nkz.ac.jp\01-授業資料\20230518-gm31-2023年度ひな形\20230526-09-gm31-gameobject03（ちょっとコンポーネント）\debug\renderer.obj
c:\users\suzuk\onedrive - nkz.ac.jp\01-授業資料\20230518-gm31-2023年度ひな形\20230526-09-gm31-gameobject03（ちょっとコンポーネント）\debug\polygon2d.obj
c:\users\suzuk\onedrive - nkz.ac.jp\01-授業資料\20230518-gm31-2023年度ひな形\20230526-09-gm31-gameobject03（ちょっとコンポーネント）\debug\manager.obj
c:\users\suzuk\onedrive - nkz.ac.jp\01-授業資料\20230518-gm31-2023年度ひな形\20230526-09-gm31-gameobject03（ちょっとコンポーネント）\debug\main.obj
c:\users\suzuk\onedrive - nkz.ac.jp\01-授業資料\20230518-gm31-2023年度ひな形\20230526-09-gm31-gameobject03（ちょっとコンポーネント）\debug\field.obj
c:\users\suzuk\onedrive - nkz.ac.jp\01-授業資料\20230518-gm31-2023年度ひな形\20230526-09-gm31-gameobject03（ちょっとコンポーネント）\debug\camera.obj
c:\users\suzuk\onedrive - nkz.ac.jp\01-授業資料\20230518-gm31-2023年度ひな形\20230526-09-gm31-gameobject03（ちょっとコンポーネント）\debug\application.obj
c:\users\suzuk\onedrive - nkz.ac.jp\01-授業資料\20230518-gm31-2023年度ひな形\20230526-09-gm31-gameobject03（ちょっとコンポーネント）\debug\utftosjisconv.obj
c:\users\suzuk\onedrive - nkz.ac.jp\01-授業資料\20230518-gm31-2023年度ひな形\20230526-09-gm31-gameobject03（ちょっとコンポーネント）\debug\20230529-gm31-gameobject(ちょっとcomponent化).ilk
c:\users\suzuk\onedrive - nkz.ac.jp\01-授業資料\20230518-gm31-2023年度ひな形\20230526-09-gm31-gameobject03（ちょっとコンポーネント）\debug\20230529-gm31-gameobject(ちょっとcomponent化).exe
c:\users\suzuk\onedrive - nkz.ac.jp\01-授業資料\20230518-gm31-2023年度ひな形\20230526-09-gm31-gameobject03（ちょっとコンポーネント）\debug\20230529-gm31-gameobject(ちょっとcomponent化).pdb
c:\users\suzuk\onedrive - nkz.ac.jp\01-授業資料\20230518-gm31-2023年度ひな形\20230526-09-gm31-gameobject03（ちょっとコンポーネント）\debug\20230529.62150e4e.tlog\cl.command.1.tlog
c:\users\suzuk\onedrive - nkz.ac.jp\01-授業資料\20230518-gm31-2023年度ひな形\20230526-09-gm31-gameobject03（ちょっとコンポーネント）\debug\20230529.62150e4e.tlog\cl.read.1.tlog
c:\users\suzuk\onedrive - nkz.ac.jp\01-授業資料\20230518-gm31-2023年度ひな形\20230526-09-gm31-gameobject03（ちょっとコンポーネント）\debug\20230529.62150e4e.tlog\cl.write.1.tlog
c:\users\suzuk\onedrive - nkz.ac.jp\01-授業資料\20230518-gm31-2023年度ひな形\20230526-09-gm31-gameobject03（ちょっとコンポーネント）\debug\20230529.62150e4e.tlog\link.command.1.tlog
c:\users\suzuk\onedrive - nkz.ac.jp\01-授業資料\20230518-gm31-2023年度ひな形\20230526-09-gm31-gameobject03（ちょっとコンポーネント）\debug\20230529.62150e4e.tlog\link.read.1.tlog
c:\users\suzuk\onedrive - nkz.ac.jp\01-授業資料\20230518-gm31-2023年度ひな形\20230526-09-gm31-gameobject03（ちょっとコンポーネント）\debug\20230529.62150e4e.tlog\link.write.1.tlog
