c:\users\taish\documents\github\hew2023\miyoshitaishou_hew2023\miyoshitaishou_hew2023\x64\release\vc143.pdb
c:\users\taish\documents\github\hew2023\miyoshitaishou_hew2023\miyoshitaishou_hew2023\x64\release\cspheremesh.obj
c:\users\taish\documents\github\hew2023\miyoshitaishou_hew2023\miyoshitaishou_hew2023\x64\release\cplanemeshtexture.obj
c:\users\taish\documents\github\hew2023\miyoshitaishou_hew2023\miyoshitaishou_hew2023\x64\release\cplanemesh.obj
c:\users\taish\documents\github\hew2023\miyoshitaishou_hew2023\miyoshitaishou_hew2023\x64\release\cplane.obj
c:\users\taish\documents\github\hew2023\miyoshitaishou_hew2023\miyoshitaishou_hew2023\x64\release\imgui_widgets.obj
c:\users\taish\documents\github\hew2023\miyoshitaishou_hew2023\miyoshitaishou_hew2023\x64\release\imgui_tables.obj
c:\users\taish\documents\github\hew2023\miyoshitaishou_hew2023\miyoshitaishou_hew2023\x64\release\imgui_impl_win32.obj
c:\users\taish\documents\github\hew2023\miyoshitaishou_hew2023\miyoshitaishou_hew2023\x64\release\imgui_impl_dx11.obj
c:\users\taish\documents\github\hew2023\miyoshitaishou_hew2023\miyoshitaishou_hew2023\x64\release\imgui_draw.obj
c:\users\taish\documents\github\hew2023\miyoshitaishou_hew2023\miyoshitaishou_hew2023\x64\release\imguimanager.obj
c:\users\taish\documents\github\hew2023\miyoshitaishou_hew2023\miyoshitaishou_hew2023\x64\release\imgui.obj
c:\users\taish\documents\github\hew2023\miyoshitaishou_hew2023\miyoshitaishou_hew2023\x64\release\sprite.obj
c:\users\taish\documents\github\hew2023\miyoshitaishou_hew2023\miyoshitaishou_hew2023\x64\release\spherecollider.obj
c:\users\taish\documents\github\hew2023\miyoshitaishou_hew2023\miyoshitaishou_hew2023\x64\release\shadow.obj
c:\users\taish\documents\github\hew2023\miyoshitaishou_hew2023\miyoshitaishou_hew2023\x64\release\shader.obj
c:\users\taish\documents\github\hew2023\miyoshitaishou_hew2023\miyoshitaishou_hew2023\x64\release\rigidbody.obj
c:\users\taish\documents\github\hew2023\miyoshitaishou_hew2023\miyoshitaishou_hew2023\x64\release\collider.obj
c:\users\taish\documents\github\hew2023\miyoshitaishou_hew2023\miyoshitaishou_hew2023\x64\release\boxcollider.obj
c:\users\taish\documents\github\hew2023\miyoshitaishou_hew2023\miyoshitaishou_hew2023\x64\release\audio.obj
c:\users\taish\documents\github\hew2023\miyoshitaishou_hew2023\miyoshitaishou_hew2023\x64\release\animationmodel.obj
c:\users\taish\documents\github\hew2023\miyoshitaishou_hew2023\miyoshitaishou_hew2023\x64\release\stageeditor.obj
c:\users\taish\documents\github\hew2023\miyoshitaishou_hew2023\miyoshitaishou_hew2023\x64\release\slopescene.obj
c:\users\taish\documents\github\hew2023\miyoshitaishou_hew2023\miyoshitaishou_hew2023\x64\release\resultscene.obj
c:\users\taish\documents\github\hew2023\miyoshitaishou_hew2023\miyoshitaishou_hew2023\x64\release\gamescene.obj
c:\users\taish\documents\github\hew2023\miyoshitaishou_hew2023\miyoshitaishou_hew2023\x64\release\renderer.obj
c:\users\taish\documents\github\hew2023\miyoshitaishou_hew2023\miyoshitaishou_hew2023\x64\release\modelrenderer.obj
c:\users\taish\documents\github\hew2023\miyoshitaishou_hew2023\miyoshitaishou_hew2023\x64\release\takoyakiobject.obj
c:\users\taish\documents\github\hew2023\miyoshitaishou_hew2023\miyoshitaishou_hew2023\x64\release\stickobject.obj
c:\users\taish\documents\github\hew2023\miyoshitaishou_hew2023\miyoshitaishou_hew2023\x64\release\sphere.obj
c:\users\taish\documents\github\hew2023\miyoshitaishou_hew2023\miyoshitaishou_hew2023\x64\release\sky.obj
c:\users\taish\documents\github\hew2023\miyoshitaishou_hew2023\miyoshitaishou_hew2023\x64\release\player.obj
c:\users\taish\documents\github\hew2023\miyoshitaishou_hew2023\miyoshitaishou_hew2023\x64\release\field.obj
c:\users\taish\documents\github\hew2023\miyoshitaishou_hew2023\miyoshitaishou_hew2023\x64\release\enemy.obj
c:\users\taish\documents\github\hew2023\miyoshitaishou_hew2023\miyoshitaishou_hew2023\x64\release\debugcamera.obj
c:\users\taish\documents\github\hew2023\miyoshitaishou_hew2023\miyoshitaishou_hew2023\x64\release\customer.obj
c:\users\taish\documents\github\hew2023\miyoshitaishou_hew2023\miyoshitaishou_hew2023\x64\release\camera.obj
c:\users\taish\documents\github\hew2023\miyoshitaishou_hew2023\miyoshitaishou_hew2023\x64\release\boxobject.obj
c:\users\taish\documents\github\hew2023\miyoshitaishou_hew2023\miyoshitaishou_hew2023\x64\release\billboardobject.obj
c:\users\taish\documents\github\hew2023\miyoshitaishou_hew2023\miyoshitaishou_hew2023\x64\release\perlinnoise.obj
c:\users\taish\documents\github\hew2023\miyoshitaishou_hew2023\miyoshitaishou_hew2023\x64\release\cundulationplanemesh.obj
c:\users\taish\documents\github\hew2023\miyoshitaishou_hew2023\miyoshitaishou_hew2023\x64\release\score.obj
c:\users\taish\documents\github\hew2023\miyoshitaishou_hew2023\miyoshitaishou_hew2023\x64\release\billboardscore.obj
c:\users\taish\documents\github\hew2023\miyoshitaishou_hew2023\miyoshitaishou_hew2023\x64\release\utility.obj
c:\users\taish\documents\github\hew2023\miyoshitaishou_hew2023\miyoshitaishou_hew2023\x64\release\utftosjisconv.obj
c:\users\taish\documents\github\hew2023\miyoshitaishou_hew2023\miyoshitaishou_hew2023\x64\release\manager.obj
c:\users\taish\documents\github\hew2023\miyoshitaishou_hew2023\miyoshitaishou_hew2023\x64\release\main.obj
c:\users\taish\documents\github\hew2023\miyoshitaishou_hew2023\miyoshitaishou_hew2023\x64\release\input.obj
c:\users\taish\documents\github\hew2023\miyoshitaishou_hew2023\miyoshitaishou_hew2023\x64\release\dx11mathuntil.obj
c:\users\taish\documents\github\hew2023\miyoshitaishou_hew2023\miyoshitaishou_hew2023\x64\release\application.obj
c:\users\taish\documents\github\hew2023\miyoshitaishou_hew2023\miyoshitaishou_hew2023\x64\release\transition.obj
c:\users\taish\documents\github\hew2023\miyoshitaishou_hew2023\miyoshitaishou_hew2023\x64\release\titlescene.obj
c:\users\taish\documents\github\hew2023\miyoshitaishou_hew2023\x64\release\ps_bloomblur.cso
c:\users\taish\documents\github\hew2023\miyoshitaishou_hew2023\x64\release\ps_circle.cso
c:\users\taish\documents\github\hew2023\miyoshitaishou_hew2023\x64\release\ps_concentrationshader.cso
c:\users\taish\documents\github\hew2023\miyoshitaishou_hew2023\x64\release\ps_depthwrite.cso
c:\users\taish\documents\github\hew2023\miyoshitaishou_hew2023\x64\release\ps_distancealhpa.cso
c:\users\taish\documents\github\hew2023\miyoshitaishou_hew2023\x64\release\ps_fadeshader.cso
c:\users\taish\documents\github\hew2023\miyoshitaishou_hew2023\x64\release\ps_gouraudshading.cso
c:\users\taish\documents\github\hew2023\miyoshitaishou_hew2023\x64\release\ps_orangescale.cso
c:\users\taish\documents\github\hew2023\miyoshitaishou_hew2023\x64\release\ps_outline.cso
c:\users\taish\documents\github\hew2023\miyoshitaishou_hew2023\x64\release\ps_polarcoordinates.cso
c:\users\taish\documents\github\hew2023\miyoshitaishou_hew2023\x64\release\ps_rgbsplit.cso
c:\users\taish\documents\github\hew2023\miyoshitaishou_hew2023\x64\release\ps_shadow.cso
c:\users\taish\documents\github\hew2023\miyoshitaishou_hew2023\x64\release\ps_toon.cso
c:\users\taish\documents\github\hew2023\miyoshitaishou_hew2023\x64\release\unlittextureps.cso
c:\users\taish\documents\github\hew2023\miyoshitaishou_hew2023\x64\release\unlittexturevs.cso
c:\users\taish\documents\github\hew2023\miyoshitaishou_hew2023\x64\release\vertexlightingoneskinvs.cso
c:\users\taish\documents\github\hew2023\miyoshitaishou_hew2023\x64\release\vertexlightingps.cso
c:\users\taish\documents\github\hew2023\miyoshitaishou_hew2023\x64\release\vertexlightingvs.cso
c:\users\taish\documents\github\hew2023\miyoshitaishou_hew2023\x64\release\vs_gouraudshading.cso
c:\users\taish\documents\github\hew2023\miyoshitaishou_hew2023\x64\release\vs_lightingoneskin.cso
c:\users\taish\documents\github\hew2023\miyoshitaishou_hew2023\x64\release\vs_object.cso
c:\users\taish\documents\github\hew2023\miyoshitaishou_hew2023\x64\release\vs_outline.cso
c:\users\taish\documents\github\hew2023\miyoshitaishou_hew2023\x64\release\vs_rotation.cso
c:\users\taish\documents\github\hew2023\miyoshitaishou_hew2023\x64\release\vs_shadow.cso
c:\users\taish\documents\github\hew2023\miyoshitaishou_hew2023\miyoshitaishou_hew2023\x64\release\miyoshit.17c5e793.tlog\cl.command.1.tlog
c:\users\taish\documents\github\hew2023\miyoshitaishou_hew2023\miyoshitaishou_hew2023\x64\release\miyoshit.17c5e793.tlog\cl.read.1.tlog
c:\users\taish\documents\github\hew2023\miyoshitaishou_hew2023\miyoshitaishou_hew2023\x64\release\miyoshit.17c5e793.tlog\cl.write.1.tlog
c:\users\taish\documents\github\hew2023\miyoshitaishou_hew2023\miyoshitaishou_hew2023\x64\release\miyoshit.17c5e793.tlog\fxc.command.1.tlog
c:\users\taish\documents\github\hew2023\miyoshitaishou_hew2023\miyoshitaishou_hew2023\x64\release\miyoshit.17c5e793.tlog\fxc.read.1.tlog
c:\users\taish\documents\github\hew2023\miyoshitaishou_hew2023\miyoshitaishou_hew2023\x64\release\miyoshit.17c5e793.tlog\fxc.write.1.tlog
c:\users\taish\documents\github\hew2023\miyoshitaishou_hew2023\miyoshitaishou_hew2023\x64\release\miyoshit.17c5e793.tlog\link.command.1.tlog
c:\users\taish\documents\github\hew2023\miyoshitaishou_hew2023\miyoshitaishou_hew2023\x64\release\miyoshit.17c5e793.tlog\link.read.1.tlog
c:\users\taish\documents\github\hew2023\miyoshitaishou_hew2023\miyoshitaishou_hew2023\x64\release\miyoshit.17c5e793.tlog\link.write.1.tlog
