cl : コマンド ライン  warning D9025: '/sdl' より '/GS-' が優先されます。
  BoundingSphere.cpp
  BoxCollider.cpp
  Collider.cpp
  SphereCollider.cpp
  BoxObject.cpp
  Customer.cpp
  Enemy.cpp
  Player.cpp
C:\Users\Taish\Documents\GitHub\Hew2023\MiyoshiTaishou_Hew2023\Script\UI\score.h(14,19): warning C4244: '初期化中': 'float' から 'int' への変換です。データが失われる可能性があります。
  StickObject.cpp
  TakoyakiObject.cpp
  field.cpp
C:\Users\Taish\Documents\GitHub\Hew2023\MiyoshiTaishou_Hew2023\Script\Object\field.cpp(155,44): warning C4267: '=': 'size_t' から 'int' に変換しました。データが失われているかもしれません。
C:\Users\Taish\Documents\GitHub\Hew2023\MiyoshiTaishou_Hew2023\Script\Object\field.cpp(161,33): warning C4018: '<': signed と unsigned の数値を比較しようとしました。
  GameScene.cpp
C:\Users\Taish\Documents\GitHub\Hew2023\MiyoshiTaishou_Hew2023\Script\UI\score.h(14,19): warning C4244: '初期化中': 'float' から 'int' への変換です。データが失われる可能性があります。
  SlopeScene.cpp
  TitleScene.cpp
C:\Users\Taish\Documents\GitHub\Hew2023\MiyoshiTaishou_Hew2023\Script\Scene\TitleScene.cpp(38,61): warning C4244: '引数': 'float' から 'int' への変換です。データが失われる可能性があります。
C:\Users\Taish\Documents\GitHub\Hew2023\MiyoshiTaishou_Hew2023\Script\Scene\TitleScene.cpp(38,50): warning C4244: '引数': 'float' から 'int' への変換です。データが失われる可能性があります。
C:\Users\Taish\Documents\GitHub\Hew2023\MiyoshiTaishou_Hew2023\Script\Scene\TitleScene.cpp(38,42): warning C4244: '引数': 'float' から 'int' への変換です。データが失われる可能性があります。
  コードを生成中...
  MiyoshiTaishou_Hew2023.vcxproj -> C:\Users\Taish\Documents\GitHub\Hew2023\MiyoshiTaishou_Hew2023\x64\Debug\MiyoshiTaishou_Hew2023.exe
