c:\users\taish\documents\github\hew2023\miyoshitaishou_hew2023\miyoshitaishou_hew2023\x64\debug\vc143.pdb
c:\users\taish\documents\github\hew2023\miyoshitaishou_hew2023\miyoshitaishou_hew2023\x64\debug\vc143.idb
c:\users\taish\documents\github\hew2023\miyoshitaishou_hew2023\miyoshitaishou_hew2023\x64\debug\utility.obj
c:\users\taish\documents\github\hew2023\miyoshitaishou_hew2023\miyoshitaishou_hew2023\x64\debug\utftosjisconv.obj
c:\users\taish\documents\github\hew2023\miyoshitaishou_hew2023\miyoshitaishou_hew2023\x64\debug\manager.obj
c:\users\taish\documents\github\hew2023\miyoshitaishou_hew2023\miyoshitaishou_hew2023\x64\debug\main.obj
c:\users\taish\documents\github\hew2023\miyoshitaishou_hew2023\miyoshitaishou_hew2023\x64\debug\input.obj
c:\users\taish\documents\github\hew2023\miyoshitaishou_hew2023\miyoshitaishou_hew2023\x64\debug\audio.obj
c:\users\taish\documents\github\hew2023\miyoshitaishou_hew2023\miyoshitaishou_hew2023\x64\debug\application.obj
c:\users\taish\documents\github\hew2023\miyoshitaishou_hew2023\miyoshitaishou_hew2023\x64\debug\renderer.obj
c:\users\taish\documents\github\hew2023\miyoshitaishou_hew2023\miyoshitaishou_hew2023\x64\debug\modelrenderer.obj
c:\users\taish\documents\github\hew2023\miyoshitaishou_hew2023\miyoshitaishou_hew2023\x64\debug\imguimanager.obj
c:\users\taish\documents\github\hew2023\miyoshitaishou_hew2023\miyoshitaishou_hew2023\x64\debug\imgui_widgets.obj
c:\users\taish\documents\github\hew2023\miyoshitaishou_hew2023\miyoshitaishou_hew2023\x64\debug\imgui_tables.obj
c:\users\taish\documents\github\hew2023\miyoshitaishou_hew2023\miyoshitaishou_hew2023\x64\debug\imgui_impl_win32.obj
c:\users\taish\documents\github\hew2023\miyoshitaishou_hew2023\miyoshitaishou_hew2023\x64\debug\imgui_impl_dx11.obj
c:\users\taish\documents\github\hew2023\miyoshitaishou_hew2023\miyoshitaishou_hew2023\x64\debug\imgui_draw.obj
c:\users\taish\documents\github\hew2023\miyoshitaishou_hew2023\miyoshitaishou_hew2023\x64\debug\imgui.obj
c:\users\taish\documents\github\hew2023\miyoshitaishou_hew2023\miyoshitaishou_hew2023\x64\debug\shader.obj
c:\users\taish\documents\github\hew2023\miyoshitaishou_hew2023\miyoshitaishou_hew2023\x64\debug\transition.obj
c:\users\taish\documents\github\hew2023\miyoshitaishou_hew2023\miyoshitaishou_hew2023\x64\debug\sprite.obj
c:\users\taish\documents\github\hew2023\miyoshitaishou_hew2023\miyoshitaishou_hew2023\x64\debug\camera.obj
c:\users\taish\documents\github\hew2023\miyoshitaishou_hew2023\miyoshitaishou_hew2023\x64\debug\sky.obj
c:\users\taish\documents\github\hew2023\miyoshitaishou_hew2023\miyoshitaishou_hew2023\x64\debug\gamescene.obj
c:\users\taish\documents\github\hew2023\miyoshitaishou_hew2023\x64\debug\miyoshitaishou_hew2023.exe
c:\users\taish\documents\github\hew2023\miyoshitaishou_hew2023\miyoshitaishou_hew2023\x64\debug\miyoshitaishou_hew2023.ilk
c:\users\taish\documents\github\hew2023\miyoshitaishou_hew2023\x64\debug\miyoshitaishou_hew2023.pdb
c:\users\taish\documents\github\hew2023\miyoshitaishou_hew2023\miyoshitaishou_hew2023\x64\debug\miyoshit.17c5e793.tlog\cl.command.1.tlog
c:\users\taish\documents\github\hew2023\miyoshitaishou_hew2023\miyoshitaishou_hew2023\x64\debug\miyoshit.17c5e793.tlog\cl.items.tlog
c:\users\taish\documents\github\hew2023\miyoshitaishou_hew2023\miyoshitaishou_hew2023\x64\debug\miyoshit.17c5e793.tlog\cl.read.1.tlog
c:\users\taish\documents\github\hew2023\miyoshitaishou_hew2023\miyoshitaishou_hew2023\x64\debug\miyoshit.17c5e793.tlog\cl.write.1.tlog
c:\users\taish\documents\github\hew2023\miyoshitaishou_hew2023\miyoshitaishou_hew2023\x64\debug\miyoshit.17c5e793.tlog\link.command.1.tlog
c:\users\taish\documents\github\hew2023\miyoshitaishou_hew2023\miyoshitaishou_hew2023\x64\debug\miyoshit.17c5e793.tlog\link.read.1.tlog
c:\users\taish\documents\github\hew2023\miyoshitaishou_hew2023\miyoshitaishou_hew2023\x64\debug\miyoshit.17c5e793.tlog\link.write.1.tlog
