cl : コマンド ライン  warning D9025: '/sdl' より '/GS-' が優先されます。
  Application.cpp
  DebugCamera.cpp
  DragFloor.cpp
  Enemy.cpp
  Game.cpp
  Goal.cpp
  Octopus.cpp
  Player.cpp
  Result.cpp
C:\Users\Taish\Documents\GitHub\Hew2023\Hew_Miyoshi_2023\Result.cpp(28,61): warning C4244: '引数': 'float' から 'int' への変換です。データが失われる可能性があります。
C:\Users\Taish\Documents\GitHub\Hew2023\Hew_Miyoshi_2023\Result.cpp(28,50): warning C4244: '引数': 'float' から 'int' への変換です。データが失われる可能性があります。
C:\Users\Taish\Documents\GitHub\Hew2023\Hew_Miyoshi_2023\Result.cpp(28,42): warning C4244: '引数': 'float' から 'int' への変換です。データが失われる可能性があります。
  Stage.cpp
  StageEditor.cpp
  StageHit.cpp
  Timer.cpp
C:\Users\Taish\Documents\GitHub\Hew2023\Hew_Miyoshi_2023\Timer.cpp(46,16): warning C4305: '+=': 'double' から 'float' へ切り詰めます。
  Title.cpp
C:\Users\Taish\Documents\GitHub\Hew2023\Hew_Miyoshi_2023\Title.cpp(34,61): warning C4244: '引数': 'float' から 'int' への変換です。データが失われる可能性があります。
C:\Users\Taish\Documents\GitHub\Hew2023\Hew_Miyoshi_2023\Title.cpp(34,50): warning C4244: '引数': 'float' から 'int' への変換です。データが失われる可能性があります。
C:\Users\Taish\Documents\GitHub\Hew2023\Hew_Miyoshi_2023\Title.cpp(34,42): warning C4244: '引数': 'float' から 'int' への変換です。データが失われる可能性があります。
  Trampoline.cpp
  box.cpp
  camera.cpp
  cylinder.cpp
  manager.cpp
  modelRenderer.cpp
  コードを生成中...
  コンパイル中...
  score.cpp
  shadow.cpp
  sky.cpp
  sprite.cpp
  utility.cpp
  コードを生成中...
  LINK : 前回のインクリメンタル リンクで C:\Users\Taish\Documents\GitHub\Hew2023\Hew_Miyoshi_2023\x64\Debug\20230529-GM31-gameobject(ちょっとcomponent化).exe が見つからなかったか、ビルドされませんでした。フル リンクを行います。
  20230529-GM31-gameobject.vcxproj -> C:\Users\Taish\Documents\GitHub\Hew2023\Hew_Miyoshi_2023\x64\Debug\20230529-GM31-gameobject(ちょっとcomponent化).exe
