c:\users\suzuk\onedrive - nkz.ac.jp\01-授業資料\20230518-gm31-2023年度ひな形\20230605-10-gm31-gameobject04（3dmodel renderer)作成中メモリリーク\x64\debug\vc143.pdb
c:\users\suzuk\onedrive - nkz.ac.jp\01-授業資料\20230518-gm31-2023年度ひな形\20230605-10-gm31-gameobject04（3dmodel renderer)作成中メモリリーク\x64\debug\vc143.idb
c:\users\suzuk\onedrive - nkz.ac.jp\01-授業資料\20230518-gm31-2023年度ひな形\20230605-10-gm31-gameobject04（3dmodel renderer)作成中メモリリーク\x64\debug\utftosjisconv.obj
c:\users\suzuk\onedrive - nkz.ac.jp\01-授業資料\20230518-gm31-2023年度ひな形\20230605-10-gm31-gameobject04（3dmodel renderer)作成中メモリリーク\x64\debug\sprite.obj
c:\users\suzuk\onedrive - nkz.ac.jp\01-授業資料\20230518-gm31-2023年度ひな形\20230605-10-gm31-gameobject04（3dmodel renderer)作成中メモリリーク\x64\debug\shader.obj
c:\users\suzuk\onedrive - nkz.ac.jp\01-授業資料\20230518-gm31-2023年度ひな形\20230605-10-gm31-gameobject04（3dmodel renderer)作成中メモリリーク\x64\debug\renderer.obj
c:\users\suzuk\onedrive - nkz.ac.jp\01-授業資料\20230518-gm31-2023年度ひな形\20230605-10-gm31-gameobject04（3dmodel renderer)作成中メモリリーク\x64\debug\polygon2d.obj
c:\users\suzuk\onedrive - nkz.ac.jp\01-授業資料\20230518-gm31-2023年度ひな形\20230605-10-gm31-gameobject04（3dmodel renderer)作成中メモリリーク\x64\debug\modelrenderer.obj
c:\users\suzuk\onedrive - nkz.ac.jp\01-授業資料\20230518-gm31-2023年度ひな形\20230605-10-gm31-gameobject04（3dmodel renderer)作成中メモリリーク\x64\debug\manager.obj
c:\users\suzuk\onedrive - nkz.ac.jp\01-授業資料\20230518-gm31-2023年度ひな形\20230605-10-gm31-gameobject04（3dmodel renderer)作成中メモリリーク\x64\debug\main.obj
c:\users\suzuk\onedrive - nkz.ac.jp\01-授業資料\20230518-gm31-2023年度ひな形\20230605-10-gm31-gameobject04（3dmodel renderer)作成中メモリリーク\x64\debug\field.obj
c:\users\suzuk\onedrive - nkz.ac.jp\01-授業資料\20230518-gm31-2023年度ひな形\20230605-10-gm31-gameobject04（3dmodel renderer)作成中メモリリーク\x64\debug\cylinder.obj
c:\users\suzuk\onedrive - nkz.ac.jp\01-授業資料\20230518-gm31-2023年度ひな形\20230605-10-gm31-gameobject04（3dmodel renderer)作成中メモリリーク\x64\debug\camera.obj
c:\users\suzuk\onedrive - nkz.ac.jp\01-授業資料\20230518-gm31-2023年度ひな形\20230605-10-gm31-gameobject04（3dmodel renderer)作成中メモリリーク\x64\debug\box.obj
c:\users\suzuk\onedrive - nkz.ac.jp\01-授業資料\20230518-gm31-2023年度ひな形\20230605-10-gm31-gameobject04（3dmodel renderer)作成中メモリリーク\x64\debug\application.obj
c:\users\suzuk\onedrive - nkz.ac.jp\01-授業資料\20230518-gm31-2023年度ひな形\20230605-10-gm31-gameobject04（3dmodel renderer)作成中メモリリーク\x64\debug\20230529-gm31-gameobject(ちょっとcomponent化).ilk
c:\users\suzuk\onedrive - nkz.ac.jp\01-授業資料\20230518-gm31-2023年度ひな形\20230605-10-gm31-gameobject04（3dmodel renderer)作成中メモリリーク\x64\debug\20230529-gm31-gameobject(ちょっとcomponent化).exe
c:\users\suzuk\onedrive - nkz.ac.jp\01-授業資料\20230518-gm31-2023年度ひな形\20230605-10-gm31-gameobject04（3dmodel renderer)作成中メモリリーク\x64\debug\20230529-gm31-gameobject(ちょっとcomponent化).pdb
c:\users\suzuk\onedrive - nkz.ac.jp\01-授業資料\20230518-gm31-2023年度ひな形\20230605-10-gm31-gameobject04（3dmodel renderer)作成中メモリリーク\x64\debug\20230529.62150e4e.tlog\cl.command.1.tlog
c:\users\suzuk\onedrive - nkz.ac.jp\01-授業資料\20230518-gm31-2023年度ひな形\20230605-10-gm31-gameobject04（3dmodel renderer)作成中メモリリーク\x64\debug\20230529.62150e4e.tlog\cl.read.1.tlog
c:\users\suzuk\onedrive - nkz.ac.jp\01-授業資料\20230518-gm31-2023年度ひな形\20230605-10-gm31-gameobject04（3dmodel renderer)作成中メモリリーク\x64\debug\20230529.62150e4e.tlog\cl.write.1.tlog
c:\users\suzuk\onedrive - nkz.ac.jp\01-授業資料\20230518-gm31-2023年度ひな形\20230605-10-gm31-gameobject04（3dmodel renderer)作成中メモリリーク\x64\debug\20230529.62150e4e.tlog\link.command.1.tlog
c:\users\suzuk\onedrive - nkz.ac.jp\01-授業資料\20230518-gm31-2023年度ひな形\20230605-10-gm31-gameobject04（3dmodel renderer)作成中メモリリーク\x64\debug\20230529.62150e4e.tlog\link.read.1.tlog
c:\users\suzuk\onedrive - nkz.ac.jp\01-授業資料\20230518-gm31-2023年度ひな形\20230605-10-gm31-gameobject04（3dmodel renderer)作成中メモリリーク\x64\debug\20230529.62150e4e.tlog\link.write.1.tlog
